{"E:\\html e css\\emissor-nota-fiscal\\backend\\src\\app.js": {"path":"E:\\html e css\\emissor-nota-fiscal\\backend\\src\\app.js","statementMap":{"0":{"start":{"line":1,"column":16},"end":{"line":1,"column":34}},"1":{"start":{"line":2,"column":13},"end":{"line":2,"column":28}},"2":{"start":{"line":3,"column":23},"end":{"line":3,"column":58}},"3":{"start":{"line":4,"column":20},"end":{"line":4,"column":52}},"4":{"start":{"line":7,"column":0},"end":{"line":7,"column":32}},"5":{"start":{"line":9,"column":12},"end":{"line":9,"column":21}},"6":{"start":{"line":12,"column":0},"end":{"line":12,"column":16}},"7":{"start":{"line":13,"column":0},"end":{"line":13,"column":24}},"8":{"start":{"line":15,"column":0},"end":{"line":17,"column":3}},"9":{"start":{"line":16,"column":2},"end":{"line":16,"column":25}},"10":{"start":{"line":20,"column":0},"end":{"line":22,"column":3}},"11":{"start":{"line":21,"column":4},"end":{"line":21,"column":37}},"12":{"start":{"line":25,"column":0},"end":{"line":25,"column":37}},"13":{"start":{"line":26,"column":0},"end":{"line":26,"column":31}},"14":{"start":{"line":28,"column":0},"end":{"line":28,"column":21}}},"fnMap":{"0":{"name":"(anonymous_0)","decl":{"start":{"line":15,"column":18},"end":{"line":15,"column":19}},"loc":{"start":{"line":15,"column":32},"end":{"line":17,"column":1}},"line":15},"1":{"name":"(anonymous_1)","decl":{"start":{"line":20,"column":19},"end":{"line":20,"column":20}},"loc":{"start":{"line":20,"column":33},"end":{"line":22,"column":1}},"line":20}},"branchMap":{},"s":{"0":5,"1":5,"2":5,"3":5,"4":5,"5":5,"6":5,"7":5,"8":5,"9":0,"10":5,"11":0,"12":5,"13":5,"14":5},"f":{"0":0,"1":0},"b":{},"_coverageSchema":"1a1c01bbd47fc00a2c39e90264f33305004495a9","hash":"89337eb73bb22ba10d5037e4c6557969631eb444"}
,"E:\\html e css\\emissor-nota-fiscal\\backend\\src\\controllers\\notas.controller.js": {"path":"E:\\html e css\\emissor-nota-fiscal\\backend\\src\\controllers\\notas.controller.js","statementMap":{"0":{"start":{"line":1,"column":19},"end":{"line":1,"column":50}},"1":{"start":{"line":2,"column":22},"end":{"line":2,"column":58}},"2":{"start":{"line":3,"column":25},"end":{"line":3,"column":68}},"3":{"start":{"line":4,"column":26},"end":{"line":4,"column":70}},"4":{"start":{"line":5,"column":24},"end":{"line":5,"column":66}},"5":{"start":{"line":8,"column":2},"end":{"line":13,"column":3}},"6":{"start":{"line":9,"column":17},"end":{"line":9,"column":42}},"7":{"start":{"line":10,"column":4},"end":{"line":10,"column":38}},"8":{"start":{"line":12,"column":4},"end":{"line":12,"column":56}},"9":{"start":{"line":17,"column":20},"end":{"line":17,"column":48}},"10":{"start":{"line":18,"column":2},"end":{"line":18,"column":41}},"11":{"start":{"line":22,"column":2},"end":{"line":30,"column":3}},"12":{"start":{"line":23,"column":17},"end":{"line":23,"column":77}},"13":{"start":{"line":24,"column":4},"end":{"line":26,"column":5}},"14":{"start":{"line":25,"column":6},"end":{"line":25,"column":68}},"15":{"start":{"line":27,"column":4},"end":{"line":27,"column":26}},"16":{"start":{"line":29,"column":4},"end":{"line":29,"column":56}},"17":{"start":{"line":34,"column":2},"end":{"line":39,"column":3}},"18":{"start":{"line":35,"column":17},"end":{"line":35,"column":61}},"19":{"start":{"line":36,"column":4},"end":{"line":36,"column":26}},"20":{"start":{"line":38,"column":4},"end":{"line":38,"column":56}},"21":{"start":{"line":43,"column":2},"end":{"line":48,"column":3}},"22":{"start":{"line":44,"column":17},"end":{"line":44,"column":50}},"23":{"start":{"line":45,"column":4},"end":{"line":45,"column":26}},"24":{"start":{"line":47,"column":4},"end":{"line":47,"column":56}},"25":{"start":{"line":52,"column":2},"end":{"line":54,"column":5}},"26":{"start":{"line":57,"column":0},"end":{"line":64,"column":2}}},"fnMap":{"0":{"name":"criar","decl":{"start":{"line":7,"column":15},"end":{"line":7,"column":20}},"loc":{"start":{"line":7,"column":31},"end":{"line":14,"column":1}},"line":7},"1":{"name":"listar","decl":{"start":{"line":16,"column":15},"end":{"line":16,"column":21}},"loc":{"start":{"line":16,"column":32},"end":{"line":19,"column":1}},"line":16},"2":{"name":"buscarPorId","decl":{"start":{"line":21,"column":15},"end":{"line":21,"column":26}},"loc":{"start":{"line":21,"column":37},"end":{"line":31,"column":1}},"line":21},"3":{"name":"atualizar","decl":{"start":{"line":33,"column":15},"end":{"line":33,"column":24}},"loc":{"start":{"line":33,"column":35},"end":{"line":40,"column":1}},"line":33},"4":{"name":"cancelar","decl":{"start":{"line":42,"column":15},"end":{"line":42,"column":23}},"loc":{"start":{"line":42,"column":34},"end":{"line":49,"column":1}},"line":42},"5":{"name":"naoPermitirDelete","decl":{"start":{"line":51,"column":9},"end":{"line":51,"column":26}},"loc":{"start":{"line":51,"column":37},"end":{"line":55,"column":1}},"line":51}},"branchMap":{"0":{"loc":{"start":{"line":24,"column":4},"end":{"line":26,"column":5}},"type":"if","locations":[{"start":{"line":24,"column":4},"end":{"line":26,"column":5}},{"start":{},"end":{}}],"line":24}},"s":{"0":5,"1":5,"2":5,"3":5,"4":5,"5":3,"6":3,"7":1,"8":2,"9":1,"10":1,"11":0,"12":0,"13":0,"14":0,"15":0,"16":0,"17":6,"18":6,"19":1,"20":5,"21":0,"22":0,"23":0,"24":0,"25":0,"26":5},"f":{"0":3,"1":1,"2":0,"3":6,"4":0,"5":0},"b":{"0":[0,0]},"_coverageSchema":"1a1c01bbd47fc00a2c39e90264f33305004495a9","hash":"e1c0f8c6a0aca246eabe58c634a1501762eee574"}
,"E:\\html e css\\emissor-nota-fiscal\\backend\\src\\models\\Cliente.js": {"path":"E:\\html e css\\emissor-nota-fiscal\\backend\\src\\models\\Cliente.js","statementMap":{"0":{"start":{"line":1,"column":17},"end":{"line":1,"column":36}},"1":{"start":{"line":3,"column":21},"end":{"line":18,"column":1}},"2":{"start":{"line":20,"column":0},"end":{"line":20,"column":57}}},"fnMap":{},"branchMap":{},"s":{"0":5,"1":5,"2":5},"f":{},"b":{},"_coverageSchema":"1a1c01bbd47fc00a2c39e90264f33305004495a9","hash":"bff347729a1aa9e46c26a6319500f8a1b891618d"}
,"E:\\html e css\\emissor-nota-fiscal\\backend\\src\\models\\NotaFiscal.js": {"path":"E:\\html e css\\emissor-nota-fiscal\\backend\\src\\models\\NotaFiscal.js","statementMap":{"0":{"start":{"line":2,"column":17},"end":{"line":2,"column":36}},"1":{"start":{"line":4,"column":25},"end":{"line":45,"column":1}},"2":{"start":{"line":47,"column":0},"end":{"line":47,"column":64}}},"fnMap":{},"branchMap":{},"s":{"0":5,"1":5,"2":5},"f":{},"b":{},"_coverageSchema":"1a1c01bbd47fc00a2c39e90264f33305004495a9","hash":"b5db0177b786b3238568c42c01bc5c9fc7514e04"}
,"E:\\html e css\\emissor-nota-fiscal\\backend\\src\\routes\\clientes.routes.js": {"path":"E:\\html e css\\emissor-nota-fiscal\\backend\\src\\routes\\clientes.routes.js","statementMap":{"0":{"start":{"line":1,"column":16},"end":{"line":1,"column":34}},"1":{"start":{"line":2,"column":16},"end":{"line":2,"column":44}},"2":{"start":{"line":5,"column":15},"end":{"line":5,"column":31}},"3":{"start":{"line":9,"column":0},"end":{"line":16,"column":3}},"4":{"start":{"line":10,"column":4},"end":{"line":15,"column":5}},"5":{"start":{"line":11,"column":24},"end":{"line":11,"column":54}},"6":{"start":{"line":12,"column":8},"end":{"line":12,"column":45}},"7":{"start":{"line":14,"column":8},"end":{"line":14,"column":59}},"8":{"start":{"line":20,"column":0},"end":{"line":23,"column":2}},"9":{"start":{"line":21,"column":21},"end":{"line":21,"column":41}},"10":{"start":{"line":22,"column":4},"end":{"line":22,"column":30}},"11":{"start":{"line":29,"column":0},"end":{"line":39,"column":2}},"12":{"start":{"line":30,"column":4},"end":{"line":38,"column":5}},"13":{"start":{"line":31,"column":24},"end":{"line":31,"column":61}},"14":{"start":{"line":32,"column":8},"end":{"line":34,"column":9}},"15":{"start":{"line":33,"column":12},"end":{"line":33,"column":76}},"16":{"start":{"line":35,"column":8},"end":{"line":35,"column":33}},"17":{"start":{"line":37,"column":8},"end":{"line":37,"column":60}},"18":{"start":{"line":43,"column":0},"end":{"line":57,"column":3}},"19":{"start":{"line":44,"column":4},"end":{"line":56,"column":5}},"20":{"start":{"line":45,"column":24},"end":{"line":49,"column":9}},"21":{"start":{"line":50,"column":8},"end":{"line":52,"column":9}},"22":{"start":{"line":51,"column":12},"end":{"line":51,"column":76}},"23":{"start":{"line":53,"column":8},"end":{"line":53,"column":33}},"24":{"start":{"line":55,"column":8},"end":{"line":55,"column":59}},"25":{"start":{"line":62,"column":0},"end":{"line":72,"column":3}},"26":{"start":{"line":63,"column":4},"end":{"line":71,"column":5}},"27":{"start":{"line":64,"column":24},"end":{"line":64,"column":71}},"28":{"start":{"line":65,"column":8},"end":{"line":67,"column":9}},"29":{"start":{"line":66,"column":12},"end":{"line":66,"column":76}},"30":{"start":{"line":68,"column":8},"end":{"line":68,"column":68}},"31":{"start":{"line":70,"column":8},"end":{"line":70,"column":59}},"32":{"start":{"line":75,"column":0},"end":{"line":75,"column":24}}},"fnMap":{"0":{"name":"(anonymous_0)","decl":{"start":{"line":9,"column":17},"end":{"line":9,"column":18}},"loc":{"start":{"line":9,"column":37},"end":{"line":16,"column":1}},"line":9},"1":{"name":"(anonymous_1)","decl":{"start":{"line":20,"column":16},"end":{"line":20,"column":17}},"loc":{"start":{"line":20,"column":36},"end":{"line":23,"column":1}},"line":20},"2":{"name":"(anonymous_2)","decl":{"start":{"line":29,"column":19},"end":{"line":29,"column":20}},"loc":{"start":{"line":29,"column":39},"end":{"line":39,"column":1}},"line":29},"3":{"name":"(anonymous_3)","decl":{"start":{"line":43,"column":20},"end":{"line":43,"column":21}},"loc":{"start":{"line":43,"column":40},"end":{"line":57,"column":1}},"line":43},"4":{"name":"(anonymous_4)","decl":{"start":{"line":62,"column":23},"end":{"line":62,"column":24}},"loc":{"start":{"line":62,"column":43},"end":{"line":72,"column":1}},"line":62}},"branchMap":{"0":{"loc":{"start":{"line":32,"column":8},"end":{"line":34,"column":9}},"type":"if","locations":[{"start":{"line":32,"column":8},"end":{"line":34,"column":9}},{"start":{},"end":{}}],"line":32},"1":{"loc":{"start":{"line":50,"column":8},"end":{"line":52,"column":9}},"type":"if","locations":[{"start":{"line":50,"column":8},"end":{"line":52,"column":9}},{"start":{},"end":{}}],"line":50},"2":{"loc":{"start":{"line":65,"column":8},"end":{"line":67,"column":9}},"type":"if","locations":[{"start":{"line":65,"column":8},"end":{"line":67,"column":9}},{"start":{},"end":{}}],"line":65}},"s":{"0":5,"1":5,"2":5,"3":5,"4":0,"5":0,"6":0,"7":0,"8":5,"9":0,"10":0,"11":5,"12":0,"13":0,"14":0,"15":0,"16":0,"17":0,"18":5,"19":0,"20":0,"21":0,"22":0,"23":0,"24":0,"25":5,"26":0,"27":0,"28":0,"29":0,"30":0,"31":0,"32":5},"f":{"0":0,"1":0,"2":0,"3":0,"4":0},"b":{"0":[0,0],"1":[0,0],"2":[0,0]},"_coverageSchema":"1a1c01bbd47fc00a2c39e90264f33305004495a9","hash":"dcf1a53733a959c9b777ae2155f17a687d6e42ef"}
,"E:\\html e css\\emissor-nota-fiscal\\backend\\src\\routes\\notas.routes.js": {"path":"E:\\html e css\\emissor-nota-fiscal\\backend\\src\\routes\\notas.routes.js","statementMap":{"0":{"start":{"line":1,"column":16},"end":{"line":1,"column":34}},"1":{"start":{"line":2,"column":24},"end":{"line":2,"column":66}},"2":{"start":{"line":3,"column":15},"end":{"line":3,"column":31}},"3":{"start":{"line":13,"column":0},"end":{"line":40,"column":2}},"4":{"start":{"line":14,"column":4},"end":{"line":39,"column":5}},"5":{"start":{"line":15,"column":40},"end":{"line":15,"column":49}},"6":{"start":{"line":17,"column":22},"end":{"line":17,"column":43}},"7":{"start":{"line":19,"column":8},"end":{"line":23,"column":9}},"8":{"start":{"line":20,"column":12},"end":{"line":20,"column":35}},"9":{"start":{"line":21,"column":12},"end":{"line":21,"column":74}},"10":{"start":{"line":21,"column":28},"end":{"line":21,"column":74}},"11":{"start":{"line":22,"column":12},"end":{"line":22,"column":68}},"12":{"start":{"line":22,"column":25},"end":{"line":22,"column":68}},"13":{"start":{"line":25,"column":26},"end":{"line":34,"column":10}},"14":{"start":{"line":35,"column":8},"end":{"line":35,"column":84}},"15":{"start":{"line":38,"column":8},"end":{"line":38,"column":59}},"16":{"start":{"line":43,"column":0},"end":{"line":79,"column":2}},"17":{"start":{"line":44,"column":4},"end":{"line":78,"column":5}},"18":{"start":{"line":45,"column":26},"end":{"line":73,"column":10}},"19":{"start":{"line":75,"column":8},"end":{"line":75,"column":34}},"20":{"start":{"line":77,"column":8},"end":{"line":77,"column":60}},"21":{"start":{"line":83,"column":0},"end":{"line":99,"column":3}},"22":{"start":{"line":84,"column":4},"end":{"line":98,"column":5}},"23":{"start":{"line":85,"column":26},"end":{"line":92,"column":10}},"24":{"start":{"line":94,"column":8},"end":{"line":94,"column":35}},"25":{"start":{"line":97,"column":8},"end":{"line":97,"column":60}},"26":{"start":{"line":104,"column":0},"end":{"line":125,"column":3}},"27":{"start":{"line":105,"column":4},"end":{"line":124,"column":5}},"28":{"start":{"line":106,"column":26},"end":{"line":118,"column":10}},"29":{"start":{"line":120,"column":8},"end":{"line":120,"column":35}},"30":{"start":{"line":123,"column":8},"end":{"line":123,"column":60}},"31":{"start":{"line":133,"column":0},"end":{"line":133,"column":40}},"32":{"start":{"line":134,"column":0},"end":{"line":134,"column":40}},"33":{"start":{"line":135,"column":0},"end":{"line":135,"column":48}},"34":{"start":{"line":136,"column":0},"end":{"line":136,"column":46}},"35":{"start":{"line":137,"column":0},"end":{"line":137,"column":54}},"36":{"start":{"line":138,"column":0},"end":{"line":138,"column":57}},"37":{"start":{"line":143,"column":0},"end":{"line":143,"column":24}}},"fnMap":{"0":{"name":"(anonymous_0)","decl":{"start":{"line":13,"column":38},"end":{"line":13,"column":39}},"loc":{"start":{"line":13,"column":58},"end":{"line":40,"column":1}},"line":13},"1":{"name":"(anonymous_1)","decl":{"start":{"line":43,"column":38},"end":{"line":43,"column":39}},"loc":{"start":{"line":43,"column":58},"end":{"line":79,"column":1}},"line":43},"2":{"name":"(anonymous_2)","decl":{"start":{"line":83,"column":33},"end":{"line":83,"column":34}},"loc":{"start":{"line":83,"column":53},"end":{"line":99,"column":1}},"line":83},"3":{"name":"(anonymous_3)","decl":{"start":{"line":104,"column":33},"end":{"line":104,"column":34}},"loc":{"start":{"line":104,"column":53},"end":{"line":125,"column":1}},"line":104}},"branchMap":{"0":{"loc":{"start":{"line":19,"column":8},"end":{"line":23,"column":9}},"type":"if","locations":[{"start":{"line":19,"column":8},"end":{"line":23,"column":9}},{"start":{},"end":{}}],"line":19},"1":{"loc":{"start":{"line":19,"column":12},"end":{"line":19,"column":33}},"type":"binary-expr","locations":[{"start":{"line":19,"column":12},"end":{"line":19,"column":22}},{"start":{"line":19,"column":26},"end":{"line":19,"column":33}}],"line":19},"2":{"loc":{"start":{"line":21,"column":12},"end":{"line":21,"column":74}},"type":"if","locations":[{"start":{"line":21,"column":12},"end":{"line":21,"column":74}},{"start":{},"end":{}}],"line":21},"3":{"loc":{"start":{"line":22,"column":12},"end":{"line":22,"column":68}},"type":"if","locations":[{"start":{"line":22,"column":12},"end":{"line":22,"column":68}},{"start":{},"end":{}}],"line":22},"4":{"loc":{"start":{"line":35,"column":24},"end":{"line":35,"column":82}},"type":"binary-expr","locations":[{"start":{"line":35,"column":24},"end":{"line":35,"column":36}},{"start":{"line":35,"column":40},"end":{"line":35,"column":82}}],"line":35}},"s":{"0":5,"1":5,"2":5,"3":5,"4":0,"5":0,"6":0,"7":0,"8":0,"9":0,"10":0,"11":0,"12":0,"13":0,"14":0,"15":0,"16":5,"17":0,"18":0,"19":0,"20":0,"21":5,"22":0,"23":0,"24":0,"25":0,"26":5,"27":0,"28":0,"29":0,"30":0,"31":5,"32":5,"33":5,"34":5,"35":5,"36":5,"37":5},"f":{"0":0,"1":0,"2":0,"3":0},"b":{"0":[0,0],"1":[0,0],"2":[0,0],"3":[0,0],"4":[0,0]},"_coverageSchema":"1a1c01bbd47fc00a2c39e90264f33305004495a9","hash":"a846e693e7a46f577d8296263a56a2f55ec32d0a"}
,"E:\\html e css\\emissor-nota-fiscal\\backend\\src\\services\\atualizarNota.service.js": {"path":"E:\\html e css\\emissor-nota-fiscal\\backend\\src\\services\\atualizarNota.service.js","statementMap":{"0":{"start":{"line":1,"column":19},"end":{"line":1,"column":50}},"1":{"start":{"line":5,"column":2},"end":{"line":7,"column":3}},"2":{"start":{"line":6,"column":4},"end":{"line":6,"column":56}},"3":{"start":{"line":9,"column":2},"end":{"line":17,"column":3}},"4":{"start":{"line":10,"column":4},"end":{"line":16,"column":5}},"5":{"start":{"line":11,"column":6},"end":{"line":15,"column":7}},"6":{"start":{"line":12,"column":8},"end":{"line":14,"column":10}},"7":{"start":{"line":19,"column":17},"end":{"line":19,"column":19}},"8":{"start":{"line":21,"column":2},"end":{"line":21,"column":60}},"9":{"start":{"line":21,"column":31},"end":{"line":21,"column":60}},"10":{"start":{"line":23,"column":2},"end":{"line":29,"column":3}},"11":{"start":{"line":24,"column":4},"end":{"line":24,"column":25}},"12":{"start":{"line":25,"column":4},"end":{"line":28,"column":6}},"13":{"start":{"line":26,"column":23},"end":{"line":26,"column":67}},"14":{"start":{"line":31,"column":25},"end":{"line":35,"column":3}},"15":{"start":{"line":37,"column":2},"end":{"line":39,"column":3}},"16":{"start":{"line":38,"column":4},"end":{"line":38,"column":56}},"17":{"start":{"line":41,"column":2},"end":{"line":41,"column":24}},"18":{"start":{"line":44,"column":0},"end":{"line":44,"column":35}}},"fnMap":{"0":{"name":"atualizarNota","decl":{"start":{"line":4,"column":15},"end":{"line":4,"column":28}},"loc":{"start":{"line":4,"column":55},"end":{"line":42,"column":1}},"line":4},"1":{"name":"(anonymous_1)","decl":{"start":{"line":26,"column":6},"end":{"line":26,"column":7}},"loc":{"start":{"line":26,"column":23},"end":{"line":26,"column":67}},"line":26}},"branchMap":{"0":{"loc":{"start":{"line":5,"column":2},"end":{"line":7,"column":3}},"type":"if","locations":[{"start":{"line":5,"column":2},"end":{"line":7,"column":3}},{"start":{},"end":{}}],"line":5},"1":{"loc":{"start":{"line":5,"column":6},"end":{"line":5,"column":60}},"type":"binary-expr","locations":[{"start":{"line":5,"column":6},"end":{"line":5,"column":11}},{"start":{"line":5,"column":16},"end":{"line":5,"column":37}},{"start":{"line":5,"column":41},"end":{"line":5,"column":59}}],"line":5},"2":{"loc":{"start":{"line":9,"column":2},"end":{"line":17,"column":3}},"type":"if","locations":[{"start":{"line":9,"column":2},"end":{"line":17,"column":3}},{"start":{},"end":{}}],"line":9},"3":{"loc":{"start":{"line":11,"column":6},"end":{"line":15,"column":7}},"type":"if","locations":[{"start":{"line":11,"column":6},"end":{"line":15,"column":7}},{"start":{},"end":{}}],"line":11},"4":{"loc":{"start":{"line":11,"column":10},"end":{"line":11,"column":57}},"type":"binary-expr","locations":[{"start":{"line":11,"column":10},"end":{"line":11,"column":30}},{"start":{"line":11,"column":34},"end":{"line":11,"column":57}}],"line":11},"5":{"loc":{"start":{"line":21,"column":2},"end":{"line":21,"column":60}},"type":"if","locations":[{"start":{"line":21,"column":2},"end":{"line":21,"column":60}},{"start":{},"end":{}}],"line":21},"6":{"loc":{"start":{"line":23,"column":2},"end":{"line":29,"column":3}},"type":"if","locations":[{"start":{"line":23,"column":2},"end":{"line":29,"column":3}},{"start":{},"end":{}}],"line":23},"7":{"loc":{"start":{"line":37,"column":2},"end":{"line":39,"column":3}},"type":"if","locations":[{"start":{"line":37,"column":2},"end":{"line":39,"column":3}},{"start":{},"end":{}}],"line":37}},"s":{"0":5,"1":6,"2":0,"3":6,"4":1,"5":1,"6":0,"7":6,"8":6,"9":6,"10":6,"11":1,"12":1,"13":1,"14":6,"15":6,"16":5,"17":1,"18":5},"f":{"0":6,"1":1},"b":{"0":[0,6],"1":[6,1,1],"2":[1,5],"3":[0,1],"4":[1,1],"5":[6,0],"6":[1,5],"7":[5,1]},"_coverageSchema":"1a1c01bbd47fc00a2c39e90264f33305004495a9","hash":"a40ba4604203b49d6214b30355dc7a853abb2bf3"}
,"E:\\html e css\\emissor-nota-fiscal\\backend\\src\\services\\cancelarNota.service.js": {"path":"E:\\html e css\\emissor-nota-fiscal\\backend\\src\\services\\cancelarNota.service.js","statementMap":{"0":{"start":{"line":1,"column":19},"end":{"line":1,"column":50}},"1":{"start":{"line":5,"column":17},"end":{"line":5,"column":46}},"2":{"start":{"line":7,"column":4},"end":{"line":9,"column":5}},"3":{"start":{"line":8,"column":8},"end":{"line":8,"column":46}},"4":{"start":{"line":11,"column":4},"end":{"line":13,"column":5}},"5":{"start":{"line":12,"column":8},"end":{"line":12,"column":50}},"6":{"start":{"line":15,"column":4},"end":{"line":15,"column":30}},"7":{"start":{"line":16,"column":4},"end":{"line":16,"column":22}},"8":{"start":{"line":18,"column":4},"end":{"line":18,"column":16}},"9":{"start":{"line":22,"column":0},"end":{"line":22,"column":34}}},"fnMap":{"0":{"name":"cancelarNota","decl":{"start":{"line":4,"column":15},"end":{"line":4,"column":27}},"loc":{"start":{"line":4,"column":32},"end":{"line":20,"column":1}},"line":4}},"branchMap":{"0":{"loc":{"start":{"line":7,"column":4},"end":{"line":9,"column":5}},"type":"if","locations":[{"start":{"line":7,"column":4},"end":{"line":9,"column":5}},{"start":{},"end":{}}],"line":7},"1":{"loc":{"start":{"line":11,"column":4},"end":{"line":13,"column":5}},"type":"if","locations":[{"start":{"line":11,"column":4},"end":{"line":13,"column":5}},{"start":{},"end":{}}],"line":11}},"s":{"0":5,"1":0,"2":0,"3":0,"4":0,"5":0,"6":0,"7":0,"8":0,"9":5},"f":{"0":0},"b":{"0":[0,0],"1":[0,0]},"_coverageSchema":"1a1c01bbd47fc00a2c39e90264f33305004495a9","hash":"bb6e9de7b7c7ff93e25f871c4fc1fe4f468820c3"}
,"E:\\html e css\\emissor-nota-fiscal\\backend\\src\\services\\listarNotas.service.js": {"path":"E:\\html e css\\emissor-nota-fiscal\\backend\\src\\services\\listarNotas.service.js","statementMap":{"0":{"start":{"line":1,"column":19},"end":{"line":1,"column":50}},"1":{"start":{"line":16,"column":6},"end":{"line":16,"column":11}},"2":{"start":{"line":18,"column":18},"end":{"line":18,"column":20}},"3":{"start":{"line":20,"column":2},"end":{"line":20,"column":38}},"4":{"start":{"line":20,"column":14},"end":{"line":20,"column":38}},"5":{"start":{"line":21,"column":2},"end":{"line":21,"column":41}},"6":{"start":{"line":21,"column":15},"end":{"line":21,"column":41}},"7":{"start":{"line":22,"column":2},"end":{"line":22,"column":32}},"8":{"start":{"line":22,"column":12},"end":{"line":22,"column":32}},"9":{"start":{"line":23,"column":2},"end":{"line":23,"column":46}},"10":{"start":{"line":23,"column":14},"end":{"line":23,"column":46}},"11":{"start":{"line":25,"column":2},"end":{"line":29,"column":3}},"12":{"start":{"line":26,"column":4},"end":{"line":26,"column":29}},"13":{"start":{"line":27,"column":4},"end":{"line":27,"column":68}},"14":{"start":{"line":27,"column":20},"end":{"line":27,"column":68}},"15":{"start":{"line":28,"column":4},"end":{"line":28,"column":62}},"16":{"start":{"line":28,"column":17},"end":{"line":28,"column":62}},"17":{"start":{"line":31,"column":21},"end":{"line":31,"column":33}},"18":{"start":{"line":32,"column":22},"end":{"line":32,"column":35}},"19":{"start":{"line":33,"column":15},"end":{"line":33,"column":45}},"20":{"start":{"line":35,"column":15},"end":{"line":35,"column":17}},"21":{"start":{"line":36,"column":2},"end":{"line":36,"column":42}},"22":{"start":{"line":38,"column":16},"end":{"line":38,"column":56}},"23":{"start":{"line":40,"column":16},"end":{"line":44,"column":23}},"24":{"start":{"line":46,"column":2},"end":{"line":54,"column":4}},"25":{"start":{"line":57,"column":0},"end":{"line":57,"column":33}}},"fnMap":{"0":{"name":"listarNotas","decl":{"start":{"line":4,"column":15},"end":{"line":4,"column":26}},"loc":{"start":{"line":4,"column":34},"end":{"line":55,"column":1}},"line":4}},"branchMap":{"0":{"loc":{"start":{"line":12,"column":4},"end":{"line":12,"column":12}},"type":"default-arg","locations":[{"start":{"line":12,"column":11},"end":{"line":12,"column":12}}],"line":12},"1":{"loc":{"start":{"line":13,"column":4},"end":{"line":13,"column":14}},"type":"default-arg","locations":[{"start":{"line":13,"column":12},"end":{"line":13,"column":14}}],"line":13},"2":{"loc":{"start":{"line":14,"column":4},"end":{"line":14,"column":21}},"type":"default-arg","locations":[{"start":{"line":14,"column":13},"end":{"line":14,"column":21}}],"line":14},"3":{"loc":{"start":{"line":15,"column":4},"end":{"line":15,"column":18}},"type":"default-arg","locations":[{"start":{"line":15,"column":12},"end":{"line":15,"column":18}}],"line":15},"4":{"loc":{"start":{"line":20,"column":2},"end":{"line":20,"column":38}},"type":"if","locations":[{"start":{"line":20,"column":2},"end":{"line":20,"column":38}},{"start":{},"end":{}}],"line":20},"5":{"loc":{"start":{"line":21,"column":2},"end":{"line":21,"column":41}},"type":"if","locations":[{"start":{"line":21,"column":2},"end":{"line":21,"column":41}},{"start":{},"end":{}}],"line":21},"6":{"loc":{"start":{"line":22,"column":2},"end":{"line":22,"column":32}},"type":"if","locations":[{"start":{"line":22,"column":2},"end":{"line":22,"column":32}},{"start":{},"end":{}}],"line":22},"7":{"loc":{"start":{"line":23,"column":2},"end":{"line":23,"column":46}},"type":"if","locations":[{"start":{"line":23,"column":2},"end":{"line":23,"column":46}},{"start":{},"end":{}}],"line":23},"8":{"loc":{"start":{"line":25,"column":2},"end":{"line":29,"column":3}},"type":"if","locations":[{"start":{"line":25,"column":2},"end":{"line":29,"column":3}},{"start":{},"end":{}}],"line":25},"9":{"loc":{"start":{"line":25,"column":6},"end":{"line":25,"column":27}},"type":"binary-expr","locations":[{"start":{"line":25,"column":6},"end":{"line":25,"column":16}},{"start":{"line":25,"column":20},"end":{"line":25,"column":27}}],"line":25},"10":{"loc":{"start":{"line":27,"column":4},"end":{"line":27,"column":68}},"type":"if","locations":[{"start":{"line":27,"column":4},"end":{"line":27,"column":68}},{"start":{},"end":{}}],"line":27},"11":{"loc":{"start":{"line":28,"column":4},"end":{"line":28,"column":62}},"type":"if","locations":[{"start":{"line":28,"column":4},"end":{"line":28,"column":62}},{"start":{},"end":{}}],"line":28},"12":{"loc":{"start":{"line":36,"column":17},"end":{"line":36,"column":41}},"type":"cond-expr","locations":[{"start":{"line":36,"column":35},"end":{"line":36,"column":36}},{"start":{"line":36,"column":39},"end":{"line":36,"column":41}}],"line":36}},"s":{"0":5,"1":1,"2":1,"3":1,"4":0,"5":1,"6":0,"7":1,"8":0,"9":1,"10":0,"11":1,"12":0,"13":0,"14":0,"15":0,"16":0,"17":1,"18":1,"19":1,"20":1,"21":1,"22":1,"23":1,"24":1,"25":5},"f":{"0":1},"b":{"0":[1],"1":[1],"2":[1],"3":[1],"4":[0,1],"5":[0,1],"6":[0,1],"7":[0,1],"8":[0,1],"9":[1,1],"10":[0,0],"11":[0,0],"12":[0,1]},"_coverageSchema":"1a1c01bbd47fc00a2c39e90264f33305004495a9","hash":"22262a16000551f4709b1035cb1e580ee118db4c"}
,"E:\\html e css\\emissor-nota-fiscal\\backend\\src\\services\\notas.service.js": {"path":"E:\\html e css\\emissor-nota-fiscal\\backend\\src\\services\\notas.service.js","statementMap":{"0":{"start":{"line":2,"column":19},"end":{"line":2,"column":50}},"1":{"start":{"line":9,"column":2},"end":{"line":11,"column":3}},"2":{"start":{"line":10,"column":4},"end":{"line":10,"column":59}},"3":{"start":{"line":13,"column":2},"end":{"line":19,"column":3}},"4":{"start":{"line":14,"column":4},"end":{"line":18,"column":5}},"5":{"start":{"line":15,"column":6},"end":{"line":17,"column":8}},"6":{"start":{"line":21,"column":21},"end":{"line":24,"column":3}},"7":{"start":{"line":22,"column":21},"end":{"line":22,"column":65}},"8":{"start":{"line":26,"column":21},"end":{"line":26,"column":68}},"9":{"start":{"line":27,"column":21},"end":{"line":27,"column":59}},"10":{"start":{"line":29,"column":2},"end":{"line":36,"column":5}},"11":{"start":{"line":39,"column":0},"end":{"line":41,"column":2}}},"fnMap":{"0":{"name":"criarNota","decl":{"start":{"line":8,"column":15},"end":{"line":8,"column":24}},"loc":{"start":{"line":8,"column":62},"end":{"line":37,"column":1}},"line":8},"1":{"name":"(anonymous_1)","decl":{"start":{"line":22,"column":4},"end":{"line":22,"column":5}},"loc":{"start":{"line":22,"column":21},"end":{"line":22,"column":65}},"line":22}},"branchMap":{"0":{"loc":{"start":{"line":9,"column":2},"end":{"line":11,"column":3}},"type":"if","locations":[{"start":{"line":9,"column":2},"end":{"line":11,"column":3}},{"start":{},"end":{}}],"line":9},"1":{"loc":{"start":{"line":9,"column":6},"end":{"line":9,"column":34}},"type":"binary-expr","locations":[{"start":{"line":9,"column":6},"end":{"line":9,"column":12}},{"start":{"line":9,"column":16},"end":{"line":9,"column":34}}],"line":9},"2":{"loc":{"start":{"line":14,"column":4},"end":{"line":18,"column":5}},"type":"if","locations":[{"start":{"line":14,"column":4},"end":{"line":18,"column":5}},{"start":{},"end":{}}],"line":14},"3":{"loc":{"start":{"line":14,"column":8},"end":{"line":14,"column":55}},"type":"binary-expr","locations":[{"start":{"line":14,"column":8},"end":{"line":14,"column":28}},{"start":{"line":14,"column":32},"end":{"line":14,"column":55}}],"line":14},"4":{"loc":{"start":{"line":27,"column":21},"end":{"line":27,"column":59}},"type":"cond-expr","locations":[{"start":{"line":27,"column":34},"end":{"line":27,"column":55}},{"start":{"line":27,"column":58},"end":{"line":27,"column":59}}],"line":27}},"s":{"0":5,"1":3,"2":1,"3":2,"4":2,"5":1,"6":1,"7":1,"8":1,"9":1,"10":1,"11":5},"f":{"0":3,"1":1},"b":{"0":[1,2],"1":[3,2],"2":[1,1],"3":[2,1],"4":[0,1]},"_coverageSchema":"1a1c01bbd47fc00a2c39e90264f33305004495a9","hash":"027388dc23892c580dfbb62f2eba6cd5ae941d0c"}
}
