TN:
SF:src\app.js
FN:15,(anonymous_0)
FN:20,(anonymous_1)
FNF:2
FNH:0
FNDA:0,(anonymous_0)
FNDA:0,(anonymous_1)
DA:1,8
DA:2,8
DA:3,8
DA:4,8
DA:5,8
DA:6,8
DA:9,8
DA:12,8
DA:13,8
DA:15,8
DA:16,0
DA:20,8
DA:21,0
DA:25,8
DA:26,8
DA:30,8
DA:32,8
DA:34,8
LF:18
LH:16
BRF:0
BRH:0
end_of_record
TN:
SF:src\controllers\notas.controller.js
FN:9,criar
FN:19,listar
FN:29,buscarPorId
FN:50,atualizar
FN:65,cancelar
FN:79,naoPermitirDelete
FNF:6
FNH:3
FNDA:3,criar
FNDA:1,listar
FNDA:0,buscarPorId
FNDA:6,atualizar
FNDA:0,cancelar
FNDA:0,naoPermitirDelete
DA:1,8
DA:2,8
DA:3,8
DA:4,8
DA:5,8
DA:10,3
DA:11,3
DA:12,1
DA:14,2
DA:20,1
DA:21,1
DA:22,1
DA:24,0
DA:30,0
DA:31,0
DA:33,0
DA:34,0
DA:35,0
DA:36,0
DA:39,0
DA:44,0
DA:51,6
DA:52,6
DA:53,1
DA:55,5
DA:66,0
DA:67,0
DA:68,0
DA:70,0
DA:80,0
DA:86,8
LF:31
LH:17
BRDA:33,0,0,0
BRDA:33,0,1,0
BRF:2
BRH:0
end_of_record
TN:
SF:src\controllers\relatorios.controller.js
FN:7,faturamento
FN:16,porCliente
FN:25,status
FN:34,mensal
FNF:4
FNH:3
FNDA:0,faturamento
FNDA:1,porCliente
FNDA:1,status
FNDA:1,mensal
DA:1,8
DA:2,8
DA:3,8
DA:4,8
DA:8,0
DA:9,0
DA:10,0
DA:12,0
DA:17,1
DA:18,1
DA:19,1
DA:21,0
DA:26,1
DA:27,1
DA:28,1
DA:30,0
DA:35,1
DA:36,1
DA:37,1
DA:39,0
DA:50,8
LF:21
LH:14
BRF:0
BRH:0
end_of_record
TN:
SF:src\middlewares\error.middleware.js
FN:1,(anonymous_0)
FNF:1
FNH:0
FNDA:0,(anonymous_0)
DA:1,8
DA:2,0
DA:4,0
LF:3
LH:1
BRDA:2,0,0,0
BRDA:2,0,1,0
BRDA:6,1,0,0
BRDA:6,1,1,0
BRF:4
BRH:0
end_of_record
TN:
SF:src\models\Cliente.js
FNF:0
FNH:0
DA:1,8
DA:3,8
DA:20,8
LF:3
LH:3
BRF:0
BRH:0
end_of_record
TN:
SF:src\models\NotaFiscal.js
FNF:0
FNH:0
DA:2,8
DA:4,8
DA:47,8
LF:3
LH:3
BRF:0
BRH:0
end_of_record
TN:
SF:src\routes\clientes.routes.js
FN:9,(anonymous_0)
FN:20,(anonymous_1)
FN:29,(anonymous_2)
FN:43,(anonymous_3)
FN:62,(anonymous_4)
FNF:5
FNH:0
FNDA:0,(anonymous_0)
FNDA:0,(anonymous_1)
FNDA:0,(anonymous_2)
FNDA:0,(anonymous_3)
FNDA:0,(anonymous_4)
DA:1,8
DA:2,8
DA:5,8
DA:9,8
DA:10,0
DA:11,0
DA:12,0
DA:14,0
DA:20,8
DA:21,0
DA:22,0
DA:29,8
DA:30,0
DA:31,0
DA:32,0
DA:33,0
DA:35,0
DA:37,0
DA:43,8
DA:44,0
DA:45,0
DA:50,0
DA:51,0
DA:53,0
DA:55,0
DA:62,8
DA:63,0
DA:64,0
DA:65,0
DA:66,0
DA:68,0
DA:70,0
DA:75,8
LF:33
LH:9
BRDA:32,0,0,0
BRDA:32,0,1,0
BRDA:50,1,0,0
BRDA:50,1,1,0
BRDA:65,2,0,0
BRDA:65,2,1,0
BRF:6
BRH:0
end_of_record
TN:
SF:src\routes\notas.routes.js
FNF:0
FNH:0
DA:1,8
DA:2,8
DA:3,8
DA:12,8
DA:13,8
DA:14,8
DA:15,8
DA:16,8
DA:17,8
DA:22,8
LF:10
LH:10
BRF:0
BRH:0
end_of_record
TN:
SF:src\routes\relatorios.routes.js
FNF:0
FNH:0
DA:1,8
DA:2,8
DA:4,8
DA:6,8
DA:7,8
DA:8,8
DA:9,8
DA:12,8
LF:8
LH:8
BRF:0
BRH:0
end_of_record
TN:
SF:src\services\atualizarNota.service.js
FN:4,atualizarNota
FN:26,(anonymous_1)
FNF:2
FNH:2
FNDA:6,atualizarNota
FNDA:1,(anonymous_1)
DA:1,8
DA:5,6
DA:6,0
DA:9,6
DA:10,1
DA:11,1
DA:12,0
DA:19,6
DA:21,6
DA:23,6
DA:24,1
DA:25,1
DA:26,1
DA:31,6
DA:37,6
DA:38,5
DA:41,1
DA:44,8
LF:18
LH:16
BRDA:5,0,0,0
BRDA:5,0,1,6
BRDA:5,1,0,6
BRDA:5,1,1,1
BRDA:5,1,2,1
BRDA:9,2,0,1
BRDA:9,2,1,5
BRDA:11,3,0,0
BRDA:11,3,1,1
BRDA:11,4,0,1
BRDA:11,4,1,1
BRDA:21,5,0,6
BRDA:21,5,1,0
BRDA:23,6,0,1
BRDA:23,6,1,5
BRDA:37,7,0,5
BRDA:37,7,1,1
BRF:17
BRH:14
end_of_record
TN:
SF:src\services\cancelarNota.service.js
FN:4,cancelarNota
FNF:1
FNH:0
FNDA:0,cancelarNota
DA:1,8
DA:5,0
DA:7,0
DA:8,0
DA:11,0
DA:12,0
DA:15,0
DA:16,0
DA:18,0
DA:22,8
LF:10
LH:2
BRDA:7,0,0,0
BRDA:7,0,1,0
BRDA:11,1,0,0
BRDA:11,1,1,0
BRF:4
BRH:0
end_of_record
TN:
SF:src\services\listarNotas.service.js
FN:4,listarNotas
FNF:1
FNH:1
FNDA:1,listarNotas
DA:1,8
DA:16,1
DA:18,1
DA:20,1
DA:21,1
DA:22,1
DA:23,1
DA:25,1
DA:26,0
DA:27,0
DA:28,0
DA:31,1
DA:32,1
DA:33,1
DA:35,1
DA:36,1
DA:38,1
DA:40,1
DA:46,1
DA:57,8
LF:20
LH:17
BRDA:12,0,0,1
BRDA:13,1,0,1
BRDA:14,2,0,1
BRDA:15,3,0,1
BRDA:20,4,0,0
BRDA:20,4,1,1
BRDA:21,5,0,0
BRDA:21,5,1,1
BRDA:22,6,0,0
BRDA:22,6,1,1
BRDA:23,7,0,0
BRDA:23,7,1,1
BRDA:25,8,0,0
BRDA:25,8,1,1
BRDA:25,9,0,1
BRDA:25,9,1,1
BRDA:27,10,0,0
BRDA:27,10,1,0
BRDA:28,11,0,0
BRDA:28,11,1,0
BRDA:36,12,0,0
BRDA:36,12,1,1
BRF:22
BRH:12
end_of_record
TN:
SF:src\services\notas.service.js
FN:8,criarNota
FN:22,(anonymous_1)
FNF:2
FNH:2
FNDA:3,criarNota
FNDA:1,(anonymous_1)
DA:2,8
DA:9,3
DA:10,1
DA:13,2
DA:14,2
DA:15,1
DA:21,1
DA:22,1
DA:26,1
DA:27,1
DA:29,1
DA:39,8
LF:12
LH:12
BRDA:9,0,0,1
BRDA:9,0,1,2
BRDA:9,1,0,3
BRDA:9,1,1,2
BRDA:14,2,0,1
BRDA:14,2,1,1
BRDA:14,3,0,2
BRDA:14,3,1,1
BRDA:27,4,0,0
BRDA:27,4,1,1
BRF:10
BRH:9
end_of_record
TN:
SF:src\services\relatorios\faturamento.service.js
FN:3,faturamento
FNF:1
FNH:0
FNDA:0,faturamento
DA:1,8
DA:4,0
DA:6,0
DA:7,0
DA:9,0
DA:10,0
DA:13,0
DA:24,0
DA:27,8
LF:9
LH:2
BRDA:6,0,0,0
BRDA:6,0,1,0
BRDA:6,1,0,0
BRDA:6,1,1,0
BRDA:9,2,0,0
BRDA:9,2,1,0
BRDA:10,3,0,0
BRDA:10,3,1,0
BRDA:24,4,0,0
BRDA:24,4,1,0
BRF:10
BRH:0
end_of_record
TN:
SF:src\services\relatorios\mensal.service.js
FN:3,mensal
FNF:1
FNH:1
FNDA:1,mensal
DA:1,8
DA:4,1
DA:18,1
DA:21,8
LF:4
LH:4
BRF:0
BRH:0
end_of_record
TN:
SF:src\services\relatorios\porCliente.service.js
FN:6,porCliente
FNF:1
FNH:1
FNDA:1,porCliente
DA:1,8
DA:7,1
DA:36,1
DA:39,8
LF:4
LH:4
BRF:0
BRH:0
end_of_record
TN:
SF:src\services\relatorios\status.service.js
FN:3,status
FNF:1
FNH:1
FNDA:1,status
DA:1,8
DA:4,1
DA:13,1
DA:16,8
LF:4
LH:4
BRF:0
BRH:0
end_of_record
