TN:
SF:src\app.js
FN:15,(anonymous_0)
FN:20,(anonymous_1)
FNF:2
FNH:0
FNDA:0,(anonymous_0)
FNDA:0,(anonymous_1)
DA:1,5
DA:2,5
DA:3,5
DA:4,5
DA:7,5
DA:9,5
DA:12,5
DA:13,5
DA:15,5
DA:16,0
DA:20,5
DA:21,0
DA:25,5
DA:26,5
DA:28,5
LF:15
LH:13
BRF:0
BRH:0
end_of_record
TN:
SF:src\controllers\notas.controller.js
FN:7,criar
FN:16,listar
FN:21,buscarPorId
FN:33,atualizar
FN:42,cancelar
FN:51,naoPermitirDelete
FNF:6
FNH:3
FNDA:3,criar
FNDA:1,listar
FNDA:0,buscarPorId
FNDA:6,atualizar
FNDA:0,cancelar
FNDA:0,naoPermitirDelete
DA:1,5
DA:2,5
DA:3,5
DA:4,5
DA:5,5
DA:8,3
DA:9,3
DA:10,1
DA:12,2
DA:17,1
DA:18,1
DA:22,0
DA:23,0
DA:24,0
DA:25,0
DA:27,0
DA:29,0
DA:34,6
DA:35,6
DA:36,1
DA:38,5
DA:43,0
DA:44,0
DA:45,0
DA:47,0
DA:52,0
DA:57,5
LF:27
LH:16
BRDA:24,0,0,0
BRDA:24,0,1,0
BRF:2
BRH:0
end_of_record
TN:
SF:src\models\Cliente.js
FNF:0
FNH:0
DA:1,5
DA:3,5
DA:20,5
LF:3
LH:3
BRF:0
BRH:0
end_of_record
TN:
SF:src\models\NotaFiscal.js
FNF:0
FNH:0
DA:2,5
DA:4,5
DA:47,5
LF:3
LH:3
BRF:0
BRH:0
end_of_record
TN:
SF:src\routes\clientes.routes.js
FN:9,(anonymous_0)
FN:20,(anonymous_1)
FN:29,(anonymous_2)
FN:43,(anonymous_3)
FN:62,(anonymous_4)
FNF:5
FNH:0
FNDA:0,(anonymous_0)
FNDA:0,(anonymous_1)
FNDA:0,(anonymous_2)
FNDA:0,(anonymous_3)
FNDA:0,(anonymous_4)
DA:1,5
DA:2,5
DA:5,5
DA:9,5
DA:10,0
DA:11,0
DA:12,0
DA:14,0
DA:20,5
DA:21,0
DA:22,0
DA:29,5
DA:30,0
DA:31,0
DA:32,0
DA:33,0
DA:35,0
DA:37,0
DA:43,5
DA:44,0
DA:45,0
DA:50,0
DA:51,0
DA:53,0
DA:55,0
DA:62,5
DA:63,0
DA:64,0
DA:65,0
DA:66,0
DA:68,0
DA:70,0
DA:75,5
LF:33
LH:9
BRDA:32,0,0,0
BRDA:32,0,1,0
BRDA:50,1,0,0
BRDA:50,1,1,0
BRDA:65,2,0,0
BRDA:65,2,1,0
BRF:6
BRH:0
end_of_record
TN:
SF:src\routes\notas.routes.js
FN:13,(anonymous_0)
FN:43,(anonymous_1)
FN:83,(anonymous_2)
FN:104,(anonymous_3)
FNF:4
FNH:0
FNDA:0,(anonymous_0)
FNDA:0,(anonymous_1)
FNDA:0,(anonymous_2)
FNDA:0,(anonymous_3)
DA:1,5
DA:2,5
DA:3,5
DA:13,5
DA:14,0
DA:15,0
DA:17,0
DA:19,0
DA:20,0
DA:21,0
DA:22,0
DA:25,0
DA:35,0
DA:38,0
DA:43,5
DA:44,0
DA:45,0
DA:75,0
DA:77,0
DA:83,5
DA:84,0
DA:85,0
DA:94,0
DA:97,0
DA:104,5
DA:105,0
DA:106,0
DA:120,0
DA:123,0
DA:133,5
DA:134,5
DA:135,5
DA:136,5
DA:137,5
DA:138,5
DA:143,5
LF:36
LH:14
BRDA:19,0,0,0
BRDA:19,0,1,0
BRDA:19,1,0,0
BRDA:19,1,1,0
BRDA:21,2,0,0
BRDA:21,2,1,0
BRDA:22,3,0,0
BRDA:22,3,1,0
BRDA:35,4,0,0
BRDA:35,4,1,0
BRF:10
BRH:0
end_of_record
TN:
SF:src\services\atualizarNota.service.js
FN:4,atualizarNota
FN:26,(anonymous_1)
FNF:2
FNH:2
FNDA:6,atualizarNota
FNDA:1,(anonymous_1)
DA:1,5
DA:5,6
DA:6,0
DA:9,6
DA:10,1
DA:11,1
DA:12,0
DA:19,6
DA:21,6
DA:23,6
DA:24,1
DA:25,1
DA:26,1
DA:31,6
DA:37,6
DA:38,5
DA:41,1
DA:44,5
LF:18
LH:16
BRDA:5,0,0,0
BRDA:5,0,1,6
BRDA:5,1,0,6
BRDA:5,1,1,1
BRDA:5,1,2,1
BRDA:9,2,0,1
BRDA:9,2,1,5
BRDA:11,3,0,0
BRDA:11,3,1,1
BRDA:11,4,0,1
BRDA:11,4,1,1
BRDA:21,5,0,6
BRDA:21,5,1,0
BRDA:23,6,0,1
BRDA:23,6,1,5
BRDA:37,7,0,5
BRDA:37,7,1,1
BRF:17
BRH:14
end_of_record
TN:
SF:src\services\cancelarNota.service.js
FN:4,cancelarNota
FNF:1
FNH:0
FNDA:0,cancelarNota
DA:1,5
DA:5,0
DA:7,0
DA:8,0
DA:11,0
DA:12,0
DA:15,0
DA:16,0
DA:18,0
DA:22,5
LF:10
LH:2
BRDA:7,0,0,0
BRDA:7,0,1,0
BRDA:11,1,0,0
BRDA:11,1,1,0
BRF:4
BRH:0
end_of_record
TN:
SF:src\services\listarNotas.service.js
FN:4,listarNotas
FNF:1
FNH:1
FNDA:1,listarNotas
DA:1,5
DA:16,1
DA:18,1
DA:20,1
DA:21,1
DA:22,1
DA:23,1
DA:25,1
DA:26,0
DA:27,0
DA:28,0
DA:31,1
DA:32,1
DA:33,1
DA:35,1
DA:36,1
DA:38,1
DA:40,1
DA:46,1
DA:57,5
LF:20
LH:17
BRDA:12,0,0,1
BRDA:13,1,0,1
BRDA:14,2,0,1
BRDA:15,3,0,1
BRDA:20,4,0,0
BRDA:20,4,1,1
BRDA:21,5,0,0
BRDA:21,5,1,1
BRDA:22,6,0,0
BRDA:22,6,1,1
BRDA:23,7,0,0
BRDA:23,7,1,1
BRDA:25,8,0,0
BRDA:25,8,1,1
BRDA:25,9,0,1
BRDA:25,9,1,1
BRDA:27,10,0,0
BRDA:27,10,1,0
BRDA:28,11,0,0
BRDA:28,11,1,0
BRDA:36,12,0,0
BRDA:36,12,1,1
BRF:22
BRH:12
end_of_record
TN:
SF:src\services\notas.service.js
FN:8,criarNota
FN:22,(anonymous_1)
FNF:2
FNH:2
FNDA:3,criarNota
FNDA:1,(anonymous_1)
DA:2,5
DA:9,3
DA:10,1
DA:13,2
DA:14,2
DA:15,1
DA:21,1
DA:22,1
DA:26,1
DA:27,1
DA:29,1
DA:39,5
LF:12
LH:12
BRDA:9,0,0,1
BRDA:9,0,1,2
BRDA:9,1,0,3
BRDA:9,1,1,2
BRDA:14,2,0,1
BRDA:14,2,1,1
BRDA:14,3,0,2
BRDA:14,3,1,1
BRDA:27,4,0,0
BRDA:27,4,1,1
BRF:10
BRH:9
end_of_record
